<?xml version="1.0" encoding="UTF-8"?>
<!-- Generated by org.testng.reporters.JUnitXMLReporter -->
<testsuite ignored="0" hostname="DESKTOP-OS91HT3" failures="0" tests="5" name="Test1" time="60.66" errors="0" timestamp="2025-10-24T04:41:52 PDT">
  <testcase classname="testscript.Logintest" name="validateloginwithvalidcredentails" time="5.495"/>
  <testcase classname="testscript.Logintest" name="validateloginwithinvalidusernameandvalidpassword" time="3.268"/>
  <testcase classname="testscript.Logintest" name="validateloginwithinvalidpasswordandvalidusename" time="1.852"/>
  <testcase classname="testscript.Logintest" name="validateloginwithinvalidpasswordandinvalidusename" time="2.405"/>
  <testcase classname="testscript.Logintest" name="validateloginwithinvalidpasswordandinvalidusename" time="2.98"/>
</testsuite> <!-- Test1 -->
