<?xml version="1.0" encoding="UTF-8"?>
<!-- Generated by org.testng.reporters.JUnitXMLReporter -->
<testsuite ignored="2" hostname="DESKTOP-OS91HT3" failures="0" tests="3" name="Test" time="84.466" errors="0" timestamp="2025-10-23T19:15:28 PDT">
  <testcase classname="testscript.Logintest" name="validateloginwithvalidcredentails" time="13.626"/>
  <testcase classname="testscript.Logintest" name="validateloginwithinvalidpasswordandinvalidusename" time="5.237"/>
  <testcase classname="testscript.Logintest" name="validateloginwithinvalidpasswordandinvalidusename" time="2.915"/>
  <testcase classname="testscript.Logintest" name="validateloginwithinvalidpasswordandvalidusename" time="0.0">
    <ignored/>
  </testcase> <!-- validateloginwithinvalidpasswordandvalidusename -->
  <testcase classname="testscript.Logintest" name="validateloginwithinvalidusernameandvalidpassword" time="0.0">
    <ignored/>
  </testcase> <!-- validateloginwithinvalidusernameandvalidpassword -->
</testsuite> <!-- Test -->
