<?xml version="1.0" encoding="UTF-8"?>
<testng-results ignored="0" total="2" passed="2" failed="0" skipped="0">
  <reporter-output>
  </reporter-output>
  <suite started-at="2025-10-26T18:52:35 PDT" name="Suite" finished-at="2025-10-26T18:53:34 PDT" duration-ms="59661">
    <groups>
    </groups>
    <test started-at="2025-10-26T18:52:35 PDT" name="Test" finished-at="2025-10-26T18:53:34 PDT" duration-ms="59661">
      <class name="testscript.Managenewstest">
        <test-method is-config="true" signature="initializeBrowser(java.lang.String)[pri:0, instance:testscript.Managenewstest@49c90a9c]" started-at="2025-10-26T18:52:35 PDT" name="initializeBrowser" finished-at="2025-10-26T18:52:52 PDT" duration-ms="17558" status="PASS">
          <params>
            <param index="0">
              <value>
                <![CDATA[chrome]]>
              </value>
            </param>
          </params>
          <reporter-output>
          </reporter-output>
        </test-method> <!-- initializeBrowser -->
        <test-method signature="verifywhetheruserabletoaddnews()[pri:0, instance:testscript.Managenewstest@49c90a9c]" started-at="2025-10-26T18:52:52 PDT" name="verifywhetheruserabletoaddnews" description="user is able to add news" finished-at="2025-10-26T18:53:13 PDT" duration-ms="20224" status="PASS">
          <reporter-output>
          </reporter-output>
        </test-method> <!-- verifywhetheruserabletoaddnews -->
        <test-method is-config="true" signature="driverQuit(org.testng.ITestResult)[pri:0, instance:testscript.Managenewstest@49c90a9c]" started-at="2025-10-26T18:53:13 PDT" name="driverQuit" finished-at="2025-10-26T18:53:13 PDT" duration-ms="3" status="PASS">
          <params>
            <param index="0">
              <value>
                <![CDATA[[TestResult name=verifywhetheruserabletoaddnews status=SUCCESS method=Managenewstest.verifywhetheruserabletoaddnews()[pri:0, instance:testscript.Managenewstest@49c90a9c] output={null}]]]>
              </value>
            </param>
          </params>
          <reporter-output>
          </reporter-output>
        </test-method> <!-- driverQuit -->
        <test-method is-config="true" signature="initializeBrowser(java.lang.String)[pri:0, instance:testscript.Managenewstest@49c90a9c]" started-at="2025-10-26T18:53:13 PDT" name="initializeBrowser" finished-at="2025-10-26T18:53:23 PDT" duration-ms="10053" status="PASS">
          <params>
            <param index="0">
              <value>
                <![CDATA[chrome]]>
              </value>
            </param>
          </params>
          <reporter-output>
          </reporter-output>
        </test-method> <!-- initializeBrowser -->
        <test-method signature="verifywhetheruserisabletosearchthenews()[pri:0, instance:testscript.Managenewstest@49c90a9c]" started-at="2025-10-26T18:53:23 PDT" name="verifywhetheruserisabletosearchthenews" description="user is able to search the news" finished-at="2025-10-26T18:53:34 PDT" duration-ms="11375" status="PASS">
          <reporter-output>
          </reporter-output>
        </test-method> <!-- verifywhetheruserisabletosearchthenews -->
        <test-method is-config="true" signature="driverQuit(org.testng.ITestResult)[pri:0, instance:testscript.Managenewstest@49c90a9c]" started-at="2025-10-26T18:53:34 PDT" name="driverQuit" finished-at="2025-10-26T18:53:34 PDT" duration-ms="6" status="PASS">
          <params>
            <param index="0">
              <value>
                <![CDATA[[TestResult name=verifywhetheruserisabletosearchthenews status=SUCCESS method=Managenewstest.verifywhetheruserisabletosearchthenews()[pri:0, instance:testscript.Managenewstest@49c90a9c] output={null}]]]>
              </value>
            </param>
          </params>
          <reporter-output>
          </reporter-output>
        </test-method> <!-- driverQuit -->
      </class> <!-- testscript.Managenewstest -->
    </test> <!-- Test -->
  </suite> <!-- Suite -->
</testng-results>
