<?xml version="1.0" encoding="UTF-8"?>
<!-- Generated by org.testng.reporters.JUnitXMLReporter -->
<testsuite ignored="2" hostname="DESKTOP-OS91HT3" failures="0" tests="1" name="Default test" time="20.306" errors="0" timestamp="2025-10-21T11:59:32 PDT">
  <testcase classname="testscript.Adminusertest" name="verifywhetheruserisabletosearchthenewlyaddeduser" time="9.383"/>
  <testcase classname="testscript.Adminusertest" name="verifywhetheruserisabletoaddnewuser" time="0.0">
    <ignored/>
  </testcase> <!-- verifywhetheruserisabletoaddnewuser -->
  <testcase classname="testscript.Adminusertest" name="verifywhethertheuserisabletoresettheusers" time="0.0">
    <ignored/>
  </testcase> <!-- verifywhethertheuserisabletoresettheusers -->
</testsuite> <!-- Default test -->
