<?xml version="1.0" encoding="UTF-8"?>
<!-- Generated by org.testng.reporters.JUnitXMLReporter -->
<testsuite ignored="0" hostname="DESKTOP-OS91HT3" failures="0" tests="1" name="edgeTest" time="26.834" errors="0" timestamp="2025-10-21T12:09:42 PDT">
  <testcase classname="testscript.Hometest" name="verifytheuserisabletosuccessfullyloginandlogoutwithvalidcredentials" time="0.0">
    <skipped/>
  </testcase> <!-- verifytheuserisabletosuccessfullyloginandlogoutwithvalidcredentials -->
</testsuite> <!-- edgeTest -->
