<?xml version="1.0" encoding="UTF-8"?>
<testng-results ignored="0" total="2" passed="2" failed="0" skipped="0">
  <reporter-output>
  </reporter-output>
  <suite started-at="2025-10-27T07:14:07 PDT" name="Suite" finished-at="2025-10-27T07:14:46 PDT" duration-ms="39627">
    <groups>
    </groups>
    <test started-at="2025-10-27T07:14:07 PDT" name="Test" finished-at="2025-10-27T07:14:46 PDT" duration-ms="39627">
      <class name="testscript.Managenewstest">
        <test-method is-config="true" signature="initializeBrowser(java.lang.String)[pri:0, instance:testscript.Managenewstest@59402b8f]" started-at="2025-10-27T07:14:07 PDT" name="initializeBrowser" finished-at="2025-10-27T07:14:18 PDT" duration-ms="11363" status="PASS">
          <params>
            <param index="0">
              <value>
                <![CDATA[chrome]]>
              </value>
            </param>
          </params>
          <reporter-output>
          </reporter-output>
        </test-method> <!-- initializeBrowser -->
        <test-method signature="verifywhetheruserabletoaddnews()[pri:0, instance:testscript.Managenewstest@59402b8f]" started-at="2025-10-27T07:14:18 PDT" name="verifywhetheruserabletoaddnews" description="user is able to add news" finished-at="2025-10-27T07:14:28 PDT" duration-ms="10103" status="PASS">
          <reporter-output>
          </reporter-output>
        </test-method> <!-- verifywhetheruserabletoaddnews -->
        <test-method is-config="true" signature="driverQuit(org.testng.ITestResult)[pri:0, instance:testscript.Managenewstest@59402b8f]" started-at="2025-10-27T07:14:29 PDT" name="driverQuit" finished-at="2025-10-27T07:14:29 PDT" duration-ms="5" status="PASS">
          <params>
            <param index="0">
              <value>
                <![CDATA[[TestResult name=verifywhetheruserabletoaddnews status=SUCCESS method=Managenewstest.verifywhetheruserabletoaddnews()[pri:0, instance:testscript.Managenewstest@59402b8f] output={null}]]]>
              </value>
            </param>
          </params>
          <reporter-output>
          </reporter-output>
        </test-method> <!-- driverQuit -->
        <test-method is-config="true" signature="initializeBrowser(java.lang.String)[pri:0, instance:testscript.Managenewstest@59402b8f]" started-at="2025-10-27T07:14:29 PDT" name="initializeBrowser" finished-at="2025-10-27T07:14:37 PDT" duration-ms="8898" status="PASS">
          <params>
            <param index="0">
              <value>
                <![CDATA[chrome]]>
              </value>
            </param>
          </params>
          <reporter-output>
          </reporter-output>
        </test-method> <!-- initializeBrowser -->
        <test-method signature="verifywhetheruserisabletosearchthenews()[pri:0, instance:testscript.Managenewstest@59402b8f]" started-at="2025-10-27T07:14:37 PDT" name="verifywhetheruserisabletosearchthenews" description="user is able to search the news" finished-at="2025-10-27T07:14:46 PDT" duration-ms="9052" status="PASS">
          <reporter-output>
          </reporter-output>
        </test-method> <!-- verifywhetheruserisabletosearchthenews -->
        <test-method is-config="true" signature="driverQuit(org.testng.ITestResult)[pri:0, instance:testscript.Managenewstest@59402b8f]" started-at="2025-10-27T07:14:46 PDT" name="driverQuit" finished-at="2025-10-27T07:14:46 PDT" duration-ms="2" status="PASS">
          <params>
            <param index="0">
              <value>
                <![CDATA[[TestResult name=verifywhetheruserisabletosearchthenews status=SUCCESS method=Managenewstest.verifywhetheruserisabletosearchthenews()[pri:0, instance:testscript.Managenewstest@59402b8f] output={null}]]]>
              </value>
            </param>
          </params>
          <reporter-output>
          </reporter-output>
        </test-method> <!-- driverQuit -->
      </class> <!-- testscript.Managenewstest -->
    </test> <!-- Test -->
  </suite> <!-- Suite -->
</testng-results>
